14:13:38.041 [main                     ] DEBUG Logger               - Configured Logger
14:13:38.060 [main                     ] DEBUG GameApplication      - Logging settings
Title: Pong
Version: 1.0
Width: 800
Height: 600
Fullscreen: false
Intro: false
Profiling: false
Single step:false
App Mode: DEBUG
Menu Key: ESCAPE
Stage Style: DECORATED
Scene Factory: class com.almasb.fxgl.app.scene.SceneFactory

14:13:38.919 [JavaFX Application Thread] DEBUG FXGLApplication      - Initializing FXGL
14:13:38.923 [JavaFX Application Thread] INFO  Engine               - FXGL-dev-SNAPSHOT (29.08.2020 12.19) on WINDOWS (J:12 FX:14)
14:13:38.923 [JavaFX Application Thread] DEBUG Engine               - JRE Vendor Name: Oracle Corporation
14:13:38.923 [JavaFX Application Thread] DEBUG Engine               - Running on OS: Windows 10 version 10.0
14:13:38.924 [JavaFX Application Thread] DEBUG Engine               - Architecture: amd64
14:13:38.924 [JavaFX Application Thread] INFO  Engine               - Source code and latest versions at: https://github.com/AlmasB/FXGL
14:13:38.925 [JavaFX Application Thread] INFO  Engine               -              Join the FXGL chat at: https://gitter.im/AlmasB/FXGL
14:13:38.990 [JavaFX Application Thread] DEBUG MainWindow           - Creating a JavaFX scene
14:13:39.032 [JavaFX Application Thread] DEBUG MainWindow           - Target settings size: 800.0 x 600.0
14:13:39.033 [JavaFX Application Thread] DEBUG MainWindow           - Scaled scene size:    800.0 x 600.0
14:13:39.033 [JavaFX Application Thread] DEBUG MainWindow           - Scaled ratio: (1.0, 1.0)
14:13:39.034 [JavaFX Application Thread] DEBUG MainWindow           - Set initial scene to StartupScene
14:13:39.039 [JavaFX Application Thread] DEBUG MainWindow           - Opening main window
14:13:39.238 [JavaFX Application Thread] DEBUG MainWindow           - Window border size: (14.4000244140625, 37.5999755859375)
14:13:39.241 [JavaFX Application Thread] DEBUG MainWindow           - Scaled size: 800.0 x 600.0
14:13:39.243 [JavaFX Application Thread] DEBUG MainWindow           - Scaled ratio: (1.0, 1.0)
14:13:39.245 [JavaFX Application Thread] DEBUG MainWindow           - Scene size: 800.0 x 600.0
14:13:39.246 [JavaFX Application Thread] DEBUG MainWindow           - Stage size: 814.4000244140625 x 637.5999755859375
14:13:39.253 [FXGL Background Thread 1 ] DEBUG Engine               - Initializing environment variables
14:13:39.279 [FXGL Background Thread 1 ] DEBUG GameApplicationServi - Applying CSS: fxgl_dark.css
14:13:39.281 [FXGL Background Thread 1 ] DEBUG FXGLAssetLoaderServi - Loading from file system: /assets/ui/css/fxgl_dark.css
14:13:39.324 [FXGL Background Thread 1 ] DEBUG GameApplicationServi - Initializing application scenes
14:13:39.358 [FXGL Background Thread 1 ] DEBUG GameWorld            - Game world initialized
14:13:39.404 [FXGL Background Thread 1 ] DEBUG PhysicsWorld         - Physics world initialized: appHeight=600, physics.ppm=50.0
14:13:39.407 [FXGL Background Thread 1 ] DEBUG GameScene            - Game scene initialized: 800x600
14:13:39.432 [FXGL Background Thread 1 ] DEBUG FXGLAssetLoaderServi - Loading from file system: /assets/textures/particles/trace_horizontal.png
14:13:39.470 [FXGL Background Thread 1 ] DEBUG FXGL.DefaultMenu     - createMenuBodyGameMenu()
14:13:39.480 [FXGL Background Thread 1 ] DEBUG FXGL.DefaultMenu     - createOptionsMenu()
14:13:39.485 [FXGL Background Thread 1 ] DEBUG FXGLAssetLoaderServi - Loading from file system: /assets/textures/particles/smoke.png
14:13:39.545 [FXGL Background Thread 1 ] DEBUG GameApplicationServi - Application scenes initialized
14:13:39.552 [FXGL Background Thread 1 ] DEBUG SystemBundleService  - Loading FXGL system data
14:13:39.560 [FXGL Background Thread 1 ] DEBUG FileSystemAccess     - Reading from: C:\Users\104bu\OneDrive - University of Brighton\sjeb10_modules\Year 3\CI628 - Multiplayer Game Development\CI628\ReleaseServer\bin\system\fxgl.bundle
14:13:39.565 [FXGL Background Thread 1 ] DEBUG SystemBundleService  - Bundle FXGL: {}
14:13:39.565 [FXGL Background Thread 1 ] DEBUG UpdaterService       - Checking for updates
14:13:39.569 [FXGL Background Thread 4 ] DEBUG FXGLApplication      - Loading fonts
14:13:39.569 [FXGL Background Thread 1 ] DEBUG FXGLApplication      - Loading default localization
14:13:39.569 [FXGL Background Thread 4 ] DEBUG FXGLAssetLoaderServi - Loading from file system: /assets/ui/fonts/pong.ttf
14:13:39.571 [FXGL Background Thread 1 ] DEBUG FXGLAssetLoaderServi - Loading from file system: /assets/languages/english.lang
14:13:39.585 [FXGL Background Thread 1 ] INFO  FXGLApplication      - FXGL initialization took: 0.332 sec
14:13:39.599 [JavaFX Application Thread] DEBUG Input                - Registered new binding: Up1 - W
14:13:39.600 [JavaFX Application Thread] DEBUG Input                - Registered new binding: Down1 - S
14:13:39.600 [JavaFX Application Thread] DEBUG Input                - Registered new binding: Up2 - I
14:13:39.601 [JavaFX Application Thread] DEBUG Input                - Registered new binding: Down2 - K
14:13:39.602 [JavaFX Application Thread] DEBUG FXGLAssetLoaderServi - Loading from file system: /assets/textures/fxgl_icon.png
14:13:39.620 [JavaFX Application Thread] DEBUG FXGLAssetLoaderServi - Loading from file system: /assets/ui/cursors/fxgl_default.png
14:13:39.622 [JavaFX Application Thread] DEBUG Input                - Registered new binding: Screenshot - P
14:13:39.622 [JavaFX Application Thread] DEBUG Input                - Registered new binding: System info dump - CTRL+9
14:13:39.623 [JavaFX Application Thread] DEBUG Input                - Registered new binding: Restart - CTRL+R
14:13:39.625 [JavaFX Application Thread] DEBUG Input                - Registered new binding: Toggle Debug Camera - CTRL+C
14:13:39.627 [JavaFX Application Thread] DEBUG LoopRunner           - Starting loop
14:13:39.628 [JavaFX Application Thread] DEBUG GameApplicationServi - Starting new game
14:13:39.629 [JavaFX Application Thread] DEBUG Input                - Clearing active input actions
14:13:39.638 [JavaFX Application Thread] DEBUG GameApplicationServi - Removing overlay from StartupScene and adding to FXGLLoadingScene
14:13:39.639 [JavaFX Application Thread] DEBUG MainWindow           - StartupScene -> FXGLLoadingScene
14:13:39.642 [JavaFX Application Thread] DEBUG GameApplicationServi - Clearing previous game
14:13:39.642 [JavaFX Application Thread] DEBUG GameScene            - Clearing game scene
14:13:39.643 [JavaFX Application Thread] DEBUG GameWorld            - Clearing game world
14:13:39.643 [JavaFX Application Thread] DEBUG PhysicsWorld         - Clearing physics world
14:13:39.644 [FXGL Background Thread 1 ] DEBUG FXGLApplication      - Initializing game
14:13:39.677 [FXGL Background Thread 1 ] DEBUG FXGLAssetLoaderServi - Loading from file system: /assets/ui/main.fxml
14:13:39.680 [Thread-3                 ] DEBUG TCPServer            - Starting to listen at: 55555 type: class java.lang.String
14:13:39.729 [FXGL Background Thread 1 ] INFO  FXGLApplication      - Game initialization took: 0.085 sec
14:13:39.748 [JavaFX Application Thread] DEBUG Input                - Clearing active input actions
14:13:39.760 [JavaFX Application Thread] DEBUG GameApplicationServi - Removing overlay from FXGLLoadingScene and adding to GameScene
14:13:39.761 [JavaFX Application Thread] DEBUG MainWindow           - FXGLLoadingScene -> GameScene
14:13:39.766 [FXGL Background Thread 4 ] DEBUG FXGLAssetLoaderServi - Loading from file system: /assets/ui/fonts/Abel-Regular.ttf
14:13:39.776 [FXGL Background Thread 4 ] DEBUG FXGLAssetLoaderServi - Loading from file system: /assets/ui/fonts/lucida_console.ttf
14:13:39.786 [FXGL Background Thread 4 ] DEBUG FXGLAssetLoaderServi - Loading from file system: /assets/ui/fonts/Courier-Prime.ttf
14:13:39.798 [JavaFX Application Thread] DEBUG FXGLApplication      - Registering font factories with UI factory
14:13:39.901 [FXGL Background Thread 2 ] WARN  UpdaterService       - Failed to find updates: javax.net.ssl.SSLHandshakeException: Received fatal alert: handshake_failure
14:13:42.322 [Thread-3                 ] DEBUG Endpoint             - TCPServer opening new connection (1) from /127.0.0.1:50827 type: class java.lang.String
14:13:42.330 [Thread-3                 ] DEBUG Endpoint             - TCPServer successfully opened connection (1)
14:13:42.334 [TCPServer_SendThread-1   ] DEBUG Writers              - Getting MessageWriter for TCP-class java.lang.String
14:13:42.335 [TCPServer_SendThread-1   ] DEBUG Writers              - Constructed MessageWriter for class java.lang.String: 
14:13:42.336 [TCPServer_RecvThread-1   ] DEBUG Readers              - Getting MessageReader for class java.lang.String
14:13:42.338 [TCPServer_RecvThread-1   ] DEBUG Readers              - Constructed MessageReader for class java.lang.String: MessageReaderS
14:13:42.578 [FXGL Background Thread 3 ] DEBUG Engine               - Logging environment variables
14:13:42.594 [FXGL Background Thread 3 ] DEBUG Engine               - achievements: []
14:13:42.595 [FXGL Background Thread 3 ] DEBUG Engine               - appIcon: fxgl_icon.png
14:13:42.607 [FXGL Background Thread 3 ] DEBUG Engine               - applicationMode: DEBUG
14:13:42.608 [FXGL Background Thread 3 ] DEBUG Engine               - cSSList: [fxgl_dark.css]
14:13:42.611 [FXGL Background Thread 3 ] DEBUG Engine               - configClass: Optional.empty
14:13:42.617 [FXGL Background Thread 3 ] DEBUG Engine               - credits: []
14:13:42.626 [FXGL Background Thread 3 ] DEBUG Engine               - devBBoxColorProperty: ObjectProperty [value: 0xff0000ff]
14:13:42.629 [FXGL Background Thread 3 ] DEBUG Engine               - devEnableDebugCameraProperty: BooleanProperty [value: false]
14:13:42.631 [FXGL Background Thread 3 ] DEBUG Engine               - devSensorColorProperty: ObjectProperty [value: 0xffff00ff]
14:13:42.639 [FXGL Background Thread 3 ] DEBUG Engine               - devShowBBoxProperty: BooleanProperty [value: false]
14:13:42.639 [FXGL Background Thread 3 ] DEBUG Engine               - devShowPositionProperty: BooleanProperty [value: false]
14:13:42.641 [FXGL Background Thread 3 ] DEBUG Engine               - enabledMenuItems: []
14:13:42.644 [FXGL Background Thread 3 ] DEBUG Engine               - engineServices: [class com.almasb.fxgl.app.FXGLApplication$GameApplicationService, class com.almasb.fxgl.app.services.FXGLDialogService, class com.almasb.fxgl.app.services.IOTaskExecutorService, class com.almasb.fxgl.event.EventBusService, class com.almasb.fxgl.io.FileSystemService, class com.almasb.fxgl.localization.LocalizationService, class com.almasb.fxgl.app.services.FXGLAssetLoaderService, class com.almasb.fxgl.app.services.SystemBundleService, class com.almasb.fxgl.profile.SaveLoadService, class com.almasb.fxgl.ui.FXGLUIFactoryServiceProvider, class com.almasb.fxgl.ui.FXGLDialogFactoryServiceProvider, class com.almasb.fxgl.audio.AudioPlayer, class com.almasb.fxgl.notification.impl.NotificationServiceProvider, class com.almasb.fxgl.achievement.AchievementService, class com.almasb.fxgl.cutscene.CutsceneService, class com.almasb.fxgl.minigames.MiniGameService, class com.almasb.fxgl.net.NetService, class com.almasb.fxgl.app.services.UpdaterService, class com.almasb.fxgl.dev.DevService]
14:13:42.646 [FXGL Background Thread 3 ] DEBUG Engine               - fontGame: Abel-Regular.ttf
14:13:42.653 [FXGL Background Thread 3 ] DEBUG Engine               - fontMono: lucida_console.ttf
14:13:42.654 [FXGL Background Thread 3 ] DEBUG Engine               - fontText: Courier-Prime.ttf
14:13:42.655 [FXGL Background Thread 3 ] DEBUG Engine               - fontUI: pong.ttf
14:13:42.657 [FXGL Background Thread 3 ] DEBUG Engine               - fullScreen: BooleanProperty [value: false]
14:13:42.658 [FXGL Background Thread 3 ] DEBUG Engine               - gameDifficulty: MEDIUM
14:13:42.659 [FXGL Background Thread 3 ] DEBUG Engine               - gameDifficultyProperty: ObjectProperty [value: MEDIUM]
14:13:42.660 [FXGL Background Thread 3 ] DEBUG Engine               - globalMusicVolume: 0.5
14:13:42.664 [FXGL Background Thread 3 ] DEBUG Engine               - globalMusicVolumeProperty: DoubleProperty [value: 0.5]
14:13:42.672 [FXGL Background Thread 3 ] DEBUG Engine               - globalSoundVolume: 0.5
14:13:42.673 [FXGL Background Thread 3 ] DEBUG Engine               - globalSoundVolumeProperty: DoubleProperty [value: 0.5]
14:13:42.677 [FXGL Background Thread 3 ] DEBUG Engine               - height: 600
14:13:42.677 [FXGL Background Thread 3 ] DEBUG Engine               - isAndroid: false
14:13:42.679 [FXGL Background Thread 3 ] DEBUG Engine               - isBrowser: false
14:13:42.679 [FXGL Background Thread 3 ] DEBUG Engine               - isClickFeedbackEnabled: false
14:13:42.685 [FXGL Background Thread 3 ] DEBUG Engine               - isCloseConfirmation: false
14:13:42.687 [FXGL Background Thread 3 ] DEBUG Engine               - isDesktop: true
14:13:42.688 [FXGL Background Thread 3 ] DEBUG Engine               - isDeveloperMenuEnabled: false
14:13:42.691 [FXGL Background Thread 3 ] DEBUG Engine               - isEntityPreloadEnabled: true
14:13:42.691 [FXGL Background Thread 3 ] DEBUG Engine               - isExperimentalNative: false
14:13:42.692 [FXGL Background Thread 3 ] DEBUG Engine               - isExperimentalTiledLargeMap: false
14:13:42.692 [FXGL Background Thread 3 ] DEBUG Engine               - isFileSystemWriteAllowed: true
14:13:42.693 [FXGL Background Thread 3 ] DEBUG Engine               - isFullScreenAllowed: false
14:13:42.699 [FXGL Background Thread 3 ] DEBUG Engine               - isFullScreenFromStart: false
14:13:42.705 [FXGL Background Thread 3 ] DEBUG Engine               - isGameMenuEnabled: true
14:13:42.706 [FXGL Background Thread 3 ] DEBUG Engine               - isIOS: false
14:13:42.706 [FXGL Background Thread 3 ] DEBUG Engine               - isIntroEnabled: false
14:13:42.707 [FXGL Background Thread 3 ] DEBUG Engine               - isLinux: false
14:13:42.707 [FXGL Background Thread 3 ] DEBUG Engine               - isMac: false
14:13:42.708 [FXGL Background Thread 3 ] DEBUG Engine               - isMainMenuEnabled: false
14:13:42.711 [FXGL Background Thread 3 ] DEBUG Engine               - isManualResizeEnabled: false
14:13:42.712 [FXGL Background Thread 3 ] DEBUG Engine               - isMobile: false
14:13:42.712 [FXGL Background Thread 3 ] DEBUG Engine               - isPreserveResizeRatio: false
14:13:42.713 [FXGL Background Thread 3 ] DEBUG Engine               - isProfilingEnabled: false
14:13:42.713 [FXGL Background Thread 3 ] DEBUG Engine               - isSingleStep: false
14:13:42.714 [FXGL Background Thread 3 ] DEBUG Engine               - isUserProfileEnabled: false
14:13:42.716 [FXGL Background Thread 3 ] DEBUG Engine               - isWindows: true
14:13:42.717 [FXGL Background Thread 3 ] DEBUG Engine               - language: ObjectProperty [value: ENGLISH]
14:13:42.718 [FXGL Background Thread 3 ] DEBUG Engine               - menuKey: ESCAPE
14:13:42.718 [FXGL Background Thread 3 ] DEBUG Engine               - notificationViewClass: class com.almasb.fxgl.notification.view.XboxNotificationView
14:13:42.719 [FXGL Background Thread 3 ] DEBUG Engine               - pixelsPerMeter: 50.0
14:13:42.719 [FXGL Background Thread 3 ] DEBUG Engine               - platform: WINDOWS
14:13:42.720 [FXGL Background Thread 3 ] DEBUG Engine               - profileDir: profiles/
14:13:42.721 [FXGL Background Thread 3 ] DEBUG Engine               - profileName: StringProperty [value: DEFAULT]
14:13:42.722 [FXGL Background Thread 3 ] DEBUG Engine               - randomSeed: -1
14:13:42.722 [FXGL Background Thread 3 ] DEBUG Engine               - runtimeInfo: RuntimeInfo(platform=WINDOWS, version=dev-SNAPSHOT, build=29.08.2020 12.19)
14:13:42.723 [FXGL Background Thread 3 ] DEBUG Engine               - saveFileExt: sav
14:13:42.724 [FXGL Background Thread 3 ] DEBUG Engine               - sceneFactory: com.almasb.fxgl.app.scene.SceneFactory@462de449
14:13:42.725 [FXGL Background Thread 3 ] DEBUG Engine               - secondsIn24h: 60
14:13:42.728 [FXGL Background Thread 3 ] DEBUG Engine               - soundMenuBack: menu/back.wav
14:13:42.730 [FXGL Background Thread 3 ] DEBUG Engine               - soundMenuPress: menu/press.wav
14:13:42.731 [FXGL Background Thread 3 ] DEBUG Engine               - soundMenuSelect: menu/select.wav
14:13:42.732 [FXGL Background Thread 3 ] DEBUG Engine               - soundNotification: core/notification.wav
14:13:42.732 [FXGL Background Thread 3 ] DEBUG Engine               - stageStyle: DECORATED
14:13:42.733 [FXGL Background Thread 3 ] DEBUG Engine               - supportedLanguages: [ENGLISH, FRENCH, GERMAN, HUNGARIAN, RUSSIAN]
14:13:42.734 [FXGL Background Thread 3 ] DEBUG Engine               - title: Pong
14:13:42.734 [FXGL Background Thread 3 ] DEBUG Engine               - urlGithub: https://github.com/AlmasB/FXGL
14:13:42.735 [FXGL Background Thread 3 ] DEBUG Engine               - urlLeaderboard: http://fxgl-top.herokuapp.com/
14:13:42.736 [FXGL Background Thread 3 ] DEBUG Engine               - urlPOM: https://raw.githubusercontent.com/AlmasB/FXGL/master/pom.xml
14:13:42.737 [FXGL Background Thread 3 ] DEBUG Engine               - version: 1.0
14:13:42.737 [FXGL Background Thread 3 ] DEBUG Engine               - versionCheckDays: 7
14:13:42.738 [FXGL Background Thread 3 ] DEBUG Engine               - width: 800
14:13:42.738 [FXGL Background Thread 3 ] DEBUG Engine               - Logging services
14:13:42.739 [FXGL Background Thread 3 ] DEBUG Engine               - class com.almasb.fxgl.app.FXGLApplication$GameApplicationService
14:13:42.741 [FXGL Background Thread 3 ] DEBUG Engine               - class com.almasb.fxgl.app.services.FXGLDialogService
14:13:42.746 [FXGL Background Thread 3 ] DEBUG Engine               - class com.almasb.fxgl.app.services.IOTaskExecutorService
14:13:42.747 [FXGL Background Thread 3 ] DEBUG Engine               - class com.almasb.fxgl.event.EventBusService
14:13:42.747 [FXGL Background Thread 3 ] DEBUG Engine               - class com.almasb.fxgl.io.FileSystemService
14:13:42.748 [FXGL Background Thread 3 ] DEBUG Engine               - class com.almasb.fxgl.localization.LocalizationService
14:13:42.749 [FXGL Background Thread 3 ] DEBUG Engine               - class com.almasb.fxgl.app.services.FXGLAssetLoaderService
14:13:42.751 [FXGL Background Thread 3 ] DEBUG Engine               - class com.almasb.fxgl.app.services.SystemBundleService
14:13:42.752 [FXGL Background Thread 3 ] DEBUG Engine               - class com.almasb.fxgl.profile.SaveLoadService
14:13:42.752 [FXGL Background Thread 3 ] DEBUG Engine               - class com.almasb.fxgl.ui.FXGLUIFactoryServiceProvider
14:13:42.753 [FXGL Background Thread 3 ] DEBUG Engine               - class com.almasb.fxgl.ui.FXGLDialogFactoryServiceProvider
14:13:42.754 [FXGL Background Thread 3 ] DEBUG Engine               - class com.almasb.fxgl.audio.AudioPlayer
14:13:42.755 [FXGL Background Thread 3 ] DEBUG Engine               - class com.almasb.fxgl.notification.impl.NotificationServiceProvider
14:13:42.755 [FXGL Background Thread 3 ] DEBUG Engine               - class com.almasb.fxgl.achievement.AchievementService
14:13:42.759 [FXGL Background Thread 3 ] DEBUG Engine               - class com.almasb.fxgl.cutscene.CutsceneService
14:13:42.760 [FXGL Background Thread 3 ] DEBUG Engine               - class com.almasb.fxgl.minigames.MiniGameService
14:13:42.761 [FXGL Background Thread 3 ] DEBUG Engine               - class com.almasb.fxgl.net.NetService
14:13:42.762 [FXGL Background Thread 3 ] DEBUG Engine               - class com.almasb.fxgl.app.services.UpdaterService
14:13:42.762 [FXGL Background Thread 3 ] DEBUG Engine               - class com.almasb.fxgl.dev.DevService
14:13:51.994 [JavaFX Application Thread] DEBUG FXGLApplication      - Exiting FXGL
14:13:51.995 [JavaFX Application Thread] DEBUG LoopRunner           - Stopping loop
14:13:51.996 [JavaFX Application Thread] DEBUG SystemBundleService  - Saving FXGL system data
14:13:51.998 [JavaFX Application Thread] DEBUG FileSystemAccess     - Writing to: C:\Users\104bu\OneDrive - University of Brighton\sjeb10_modules\Year 3\CI628 - Multiplayer Game Development\CI628\ReleaseServer\bin\system\fxgl.bundle
14:13:52.001 [JavaFX Application Thread] DEBUG Async                - Shutting down background threads
14:13:52.001 [JavaFX Application Thread] DEBUG MainWindow           - Closing main window
14:13:52.020 [JavaFX Application Thread] DEBUG Logger               - Closing Logger
