14:07:06.847 [main                     ] DEBUG Logger               - Configured Logger
14:07:06.896 [main                     ] DEBUG GameApplication      - Logging settings
Title: Pong
Version: 1.0
Width: 800
Height: 600
Fullscreen: false
Intro: false
Profiling: false
Single step:false
App Mode: DEBUG
Menu Key: ESCAPE
Stage Style: DECORATED
Scene Factory: class com.almasb.fxgl.app.scene.SceneFactory

14:07:08.426 [JavaFX Application Thread] DEBUG FXGLApplication      - Initializing FXGL
14:07:08.434 [JavaFX Application Thread] INFO  Engine               - FXGL-dev-SNAPSHOT (29.08.2020 12.19) on WINDOWS (J:12 FX:14)
14:07:08.435 [JavaFX Application Thread] DEBUG Engine               - JRE Vendor Name: Oracle Corporation
14:07:08.435 [JavaFX Application Thread] DEBUG Engine               - Running on OS: Windows 10 version 10.0
14:07:08.436 [JavaFX Application Thread] DEBUG Engine               - Architecture: amd64
14:07:08.436 [JavaFX Application Thread] INFO  Engine               - Source code and latest versions at: https://github.com/AlmasB/FXGL
14:07:08.437 [JavaFX Application Thread] INFO  Engine               -              Join the FXGL chat at: https://gitter.im/AlmasB/FXGL
14:07:08.570 [JavaFX Application Thread] DEBUG MainWindow           - Creating a JavaFX scene
14:07:08.648 [JavaFX Application Thread] DEBUG MainWindow           - Target settings size: 800.0 x 600.0
14:07:08.648 [JavaFX Application Thread] DEBUG MainWindow           - Scaled scene size:    800.0 x 600.0
14:07:08.649 [JavaFX Application Thread] DEBUG MainWindow           - Scaled ratio: (1.0, 1.0)
14:07:08.651 [JavaFX Application Thread] DEBUG MainWindow           - Set initial scene to StartupScene
14:07:08.660 [JavaFX Application Thread] DEBUG MainWindow           - Opening main window
14:07:08.988 [JavaFX Application Thread] DEBUG MainWindow           - Window border size: (14.4000244140625, 37.5999755859375)
14:07:08.991 [JavaFX Application Thread] DEBUG MainWindow           - Scaled size: 800.0 x 600.0
14:07:08.996 [JavaFX Application Thread] DEBUG MainWindow           - Scaled ratio: (1.0, 1.0)
14:07:08.997 [JavaFX Application Thread] DEBUG MainWindow           - Scene size: 800.0 x 600.0
14:07:08.998 [JavaFX Application Thread] DEBUG MainWindow           - Stage size: 814.4000244140625 x 637.5999755859375
14:07:09.011 [FXGL Background Thread 1 ] DEBUG Engine               - Initializing environment variables
14:07:09.055 [FXGL Background Thread 1 ] DEBUG GameApplicationServi - Applying CSS: fxgl_dark.css
14:07:09.057 [FXGL Background Thread 1 ] DEBUG FXGLAssetLoaderServi - Loading from file system: /assets/ui/css/fxgl_dark.css
14:07:09.142 [FXGL Background Thread 1 ] DEBUG GameApplicationServi - Initializing application scenes
14:07:09.190 [FXGL Background Thread 1 ] DEBUG GameWorld            - Game world initialized
14:07:09.272 [FXGL Background Thread 1 ] DEBUG PhysicsWorld         - Physics world initialized: appHeight=600, physics.ppm=50.0
14:07:09.277 [FXGL Background Thread 1 ] DEBUG GameScene            - Game scene initialized: 800x600
14:07:09.313 [FXGL Background Thread 1 ] DEBUG FXGLAssetLoaderServi - Loading from file system: /assets/textures/particles/trace_horizontal.png
14:07:09.370 [FXGL Background Thread 1 ] DEBUG FXGL.DefaultMenu     - createMenuBodyGameMenu()
14:07:09.386 [FXGL Background Thread 1 ] DEBUG FXGL.DefaultMenu     - createOptionsMenu()
14:07:09.392 [FXGL Background Thread 1 ] DEBUG FXGLAssetLoaderServi - Loading from file system: /assets/textures/particles/smoke.png
14:07:09.492 [FXGL Background Thread 1 ] DEBUG GameApplicationServi - Application scenes initialized
14:07:09.505 [FXGL Background Thread 1 ] DEBUG SystemBundleService  - Loading FXGL system data
14:07:09.517 [FXGL Background Thread 1 ] DEBUG FileSystemAccess     - Reading from: C:\Users\104bu\OneDrive - University of Brighton\sjeb10_modules\Year 3\CI628 - Multiplayer Game Development\CI628\ReleaseServer\bin\system\fxgl.bundle
14:07:09.527 [FXGL Background Thread 1 ] DEBUG SystemBundleService  - Bundle FXGL: {}
14:07:09.527 [FXGL Background Thread 1 ] DEBUG UpdaterService       - Checking for updates
14:07:09.534 [FXGL Background Thread 4 ] DEBUG FXGLApplication      - Loading fonts
14:07:09.534 [FXGL Background Thread 1 ] DEBUG FXGLApplication      - Loading default localization
14:07:09.534 [FXGL Background Thread 4 ] DEBUG FXGLAssetLoaderServi - Loading from file system: /assets/ui/fonts/pong.ttf
14:07:09.536 [FXGL Background Thread 1 ] DEBUG FXGLAssetLoaderServi - Loading from file system: /assets/languages/english.lang
14:07:09.556 [FXGL Background Thread 1 ] INFO  FXGLApplication      - FXGL initialization took: 0.545 sec
14:07:09.568 [JavaFX Application Thread] DEBUG Input                - Registered new binding: Up1 - W
14:07:09.571 [JavaFX Application Thread] DEBUG Input                - Registered new binding: Down1 - S
14:07:09.572 [JavaFX Application Thread] DEBUG Input                - Registered new binding: Up2 - I
14:07:09.574 [JavaFX Application Thread] DEBUG Input                - Registered new binding: Down2 - K
14:07:09.576 [JavaFX Application Thread] DEBUG FXGLAssetLoaderServi - Loading from file system: /assets/textures/fxgl_icon.png
14:07:09.602 [JavaFX Application Thread] DEBUG FXGLAssetLoaderServi - Loading from file system: /assets/ui/cursors/fxgl_default.png
14:07:09.609 [JavaFX Application Thread] DEBUG Input                - Registered new binding: Screenshot - P
14:07:09.610 [JavaFX Application Thread] DEBUG Input                - Registered new binding: System info dump - CTRL+9
14:07:09.611 [JavaFX Application Thread] DEBUG Input                - Registered new binding: Restart - CTRL+R
14:07:09.613 [JavaFX Application Thread] DEBUG Input                - Registered new binding: Toggle Debug Camera - CTRL+C
14:07:09.616 [JavaFX Application Thread] DEBUG LoopRunner           - Starting loop
14:07:09.618 [JavaFX Application Thread] DEBUG GameApplicationServi - Starting new game
14:07:09.619 [JavaFX Application Thread] DEBUG Input                - Clearing active input actions
14:07:09.638 [JavaFX Application Thread] DEBUG GameApplicationServi - Removing overlay from StartupScene and adding to FXGLLoadingScene
14:07:09.640 [JavaFX Application Thread] DEBUG MainWindow           - StartupScene -> FXGLLoadingScene
14:07:09.641 [JavaFX Application Thread] DEBUG GameApplicationServi - Clearing previous game
14:07:09.641 [JavaFX Application Thread] DEBUG GameScene            - Clearing game scene
14:07:09.644 [JavaFX Application Thread] DEBUG GameWorld            - Clearing game world
14:07:09.648 [JavaFX Application Thread] DEBUG PhysicsWorld         - Clearing physics world
14:07:09.650 [FXGL Background Thread 1 ] DEBUG FXGLApplication      - Initializing game
14:07:09.702 [FXGL Background Thread 1 ] DEBUG FXGLAssetLoaderServi - Loading from file system: /assets/ui/main.fxml
14:07:09.716 [Thread-3                 ] DEBUG TCPServer            - Starting to listen at: 55555 type: class java.lang.String
14:07:09.791 [FXGL Background Thread 1 ] INFO  FXGLApplication      - Game initialization took: 0.142 sec
14:07:09.813 [JavaFX Application Thread] DEBUG Input                - Clearing active input actions
14:07:09.834 [JavaFX Application Thread] DEBUG GameApplicationServi - Removing overlay from FXGLLoadingScene and adding to GameScene
14:07:09.836 [JavaFX Application Thread] DEBUG MainWindow           - FXGLLoadingScene -> GameScene
14:07:09.887 [FXGL Background Thread 4 ] DEBUG FXGLAssetLoaderServi - Loading from file system: /assets/ui/fonts/Abel-Regular.ttf
14:07:09.902 [FXGL Background Thread 4 ] DEBUG FXGLAssetLoaderServi - Loading from file system: /assets/ui/fonts/lucida_console.ttf
14:07:09.921 [FXGL Background Thread 4 ] DEBUG FXGLAssetLoaderServi - Loading from file system: /assets/ui/fonts/Courier-Prime.ttf
14:07:09.942 [JavaFX Application Thread] DEBUG FXGLApplication      - Registering font factories with UI factory
14:07:10.139 [FXGL Background Thread 2 ] WARN  UpdaterService       - Failed to find updates: javax.net.ssl.SSLHandshakeException: Received fatal alert: handshake_failure
14:07:12.531 [FXGL Background Thread 3 ] DEBUG Engine               - Logging environment variables
14:07:12.532 [FXGL Background Thread 3 ] DEBUG Engine               - achievements: []
14:07:12.533 [FXGL Background Thread 3 ] DEBUG Engine               - appIcon: fxgl_icon.png
14:07:12.535 [FXGL Background Thread 3 ] DEBUG Engine               - applicationMode: DEBUG
14:07:12.537 [FXGL Background Thread 3 ] DEBUG Engine               - cSSList: [fxgl_dark.css]
14:07:12.538 [FXGL Background Thread 3 ] DEBUG Engine               - configClass: Optional.empty
14:07:12.540 [FXGL Background Thread 3 ] DEBUG Engine               - credits: []
14:07:12.541 [FXGL Background Thread 3 ] DEBUG Engine               - devBBoxColorProperty: ObjectProperty [value: 0xff0000ff]
14:07:12.542 [FXGL Background Thread 3 ] DEBUG Engine               - devEnableDebugCameraProperty: BooleanProperty [value: false]
14:07:12.543 [FXGL Background Thread 3 ] DEBUG Engine               - devSensorColorProperty: ObjectProperty [value: 0xffff00ff]
14:07:12.545 [FXGL Background Thread 3 ] DEBUG Engine               - devShowBBoxProperty: BooleanProperty [value: false]
14:07:12.548 [FXGL Background Thread 3 ] DEBUG Engine               - devShowPositionProperty: BooleanProperty [value: false]
14:07:12.553 [FXGL Background Thread 3 ] DEBUG Engine               - enabledMenuItems: []
14:07:12.554 [FXGL Background Thread 3 ] DEBUG Engine               - engineServices: [class com.almasb.fxgl.app.FXGLApplication$GameApplicationService, class com.almasb.fxgl.app.services.FXGLDialogService, class com.almasb.fxgl.app.services.IOTaskExecutorService, class com.almasb.fxgl.event.EventBusService, class com.almasb.fxgl.io.FileSystemService, class com.almasb.fxgl.localization.LocalizationService, class com.almasb.fxgl.app.services.FXGLAssetLoaderService, class com.almasb.fxgl.app.services.SystemBundleService, class com.almasb.fxgl.profile.SaveLoadService, class com.almasb.fxgl.ui.FXGLUIFactoryServiceProvider, class com.almasb.fxgl.ui.FXGLDialogFactoryServiceProvider, class com.almasb.fxgl.audio.AudioPlayer, class com.almasb.fxgl.notification.impl.NotificationServiceProvider, class com.almasb.fxgl.achievement.AchievementService, class com.almasb.fxgl.cutscene.CutsceneService, class com.almasb.fxgl.minigames.MiniGameService, class com.almasb.fxgl.net.NetService, class com.almasb.fxgl.app.services.UpdaterService, class com.almasb.fxgl.dev.DevService]
14:07:12.555 [FXGL Background Thread 3 ] DEBUG Engine               - fontGame: Abel-Regular.ttf
14:07:12.556 [FXGL Background Thread 3 ] DEBUG Engine               - fontMono: lucida_console.ttf
14:07:12.558 [FXGL Background Thread 3 ] DEBUG Engine               - fontText: Courier-Prime.ttf
14:07:12.559 [FXGL Background Thread 3 ] DEBUG Engine               - fontUI: pong.ttf
14:07:12.560 [FXGL Background Thread 3 ] DEBUG Engine               - fullScreen: BooleanProperty [value: false]
14:07:12.560 [FXGL Background Thread 3 ] DEBUG Engine               - gameDifficulty: MEDIUM
14:07:12.561 [FXGL Background Thread 3 ] DEBUG Engine               - gameDifficultyProperty: ObjectProperty [value: MEDIUM]
14:07:12.566 [FXGL Background Thread 3 ] DEBUG Engine               - globalMusicVolume: 0.5
14:07:12.567 [FXGL Background Thread 3 ] DEBUG Engine               - globalMusicVolumeProperty: DoubleProperty [value: 0.5]
14:07:12.570 [FXGL Background Thread 3 ] DEBUG Engine               - globalSoundVolume: 0.5
14:07:12.570 [FXGL Background Thread 3 ] DEBUG Engine               - globalSoundVolumeProperty: DoubleProperty [value: 0.5]
14:07:12.572 [FXGL Background Thread 3 ] DEBUG Engine               - height: 600
14:07:12.573 [FXGL Background Thread 3 ] DEBUG Engine               - isAndroid: false
14:07:12.575 [FXGL Background Thread 3 ] DEBUG Engine               - isBrowser: false
14:07:12.575 [FXGL Background Thread 3 ] DEBUG Engine               - isClickFeedbackEnabled: false
14:07:12.576 [FXGL Background Thread 3 ] DEBUG Engine               - isCloseConfirmation: false
14:07:12.577 [FXGL Background Thread 3 ] DEBUG Engine               - isDesktop: true
14:07:12.582 [FXGL Background Thread 3 ] DEBUG Engine               - isDeveloperMenuEnabled: false
14:07:12.583 [FXGL Background Thread 3 ] DEBUG Engine               - isEntityPreloadEnabled: true
14:07:12.584 [FXGL Background Thread 3 ] DEBUG Engine               - isExperimentalNative: false
14:07:12.585 [FXGL Background Thread 3 ] DEBUG Engine               - isExperimentalTiledLargeMap: false
14:07:12.586 [FXGL Background Thread 3 ] DEBUG Engine               - isFileSystemWriteAllowed: true
14:07:12.588 [FXGL Background Thread 3 ] DEBUG Engine               - isFullScreenAllowed: false
14:07:12.589 [FXGL Background Thread 3 ] DEBUG Engine               - isFullScreenFromStart: false
14:07:12.589 [FXGL Background Thread 3 ] DEBUG Engine               - isGameMenuEnabled: true
14:07:12.591 [FXGL Background Thread 3 ] DEBUG Engine               - isIOS: false
14:07:12.593 [FXGL Background Thread 3 ] DEBUG Engine               - isIntroEnabled: false
14:07:12.593 [FXGL Background Thread 3 ] DEBUG Engine               - isLinux: false
14:07:12.596 [FXGL Background Thread 3 ] DEBUG Engine               - isMac: false
14:07:12.597 [FXGL Background Thread 3 ] DEBUG Engine               - isMainMenuEnabled: false
14:07:12.602 [FXGL Background Thread 3 ] DEBUG Engine               - isManualResizeEnabled: false
14:07:12.603 [FXGL Background Thread 3 ] DEBUG Engine               - isMobile: false
14:07:12.604 [FXGL Background Thread 3 ] DEBUG Engine               - isPreserveResizeRatio: false
14:07:12.605 [FXGL Background Thread 3 ] DEBUG Engine               - isProfilingEnabled: false
14:07:12.606 [FXGL Background Thread 3 ] DEBUG Engine               - isSingleStep: false
14:07:12.606 [FXGL Background Thread 3 ] DEBUG Engine               - isUserProfileEnabled: false
14:07:12.607 [FXGL Background Thread 3 ] DEBUG Engine               - isWindows: true
14:07:12.608 [FXGL Background Thread 3 ] DEBUG Engine               - language: ObjectProperty [value: ENGLISH]
14:07:12.609 [FXGL Background Thread 3 ] DEBUG Engine               - menuKey: ESCAPE
14:07:12.612 [FXGL Background Thread 3 ] DEBUG Engine               - notificationViewClass: class com.almasb.fxgl.notification.view.XboxNotificationView
14:07:12.615 [FXGL Background Thread 3 ] DEBUG Engine               - pixelsPerMeter: 50.0
14:07:12.616 [FXGL Background Thread 3 ] DEBUG Engine               - platform: WINDOWS
14:07:12.617 [FXGL Background Thread 3 ] DEBUG Engine               - profileDir: profiles/
14:07:12.618 [FXGL Background Thread 3 ] DEBUG Engine               - profileName: StringProperty [value: DEFAULT]
14:07:12.618 [FXGL Background Thread 3 ] DEBUG Engine               - randomSeed: -1
14:07:12.619 [FXGL Background Thread 3 ] DEBUG Engine               - runtimeInfo: RuntimeInfo(platform=WINDOWS, version=dev-SNAPSHOT, build=29.08.2020 12.19)
14:07:12.621 [FXGL Background Thread 3 ] DEBUG Engine               - saveFileExt: sav
14:07:12.623 [FXGL Background Thread 3 ] DEBUG Engine               - sceneFactory: com.almasb.fxgl.app.scene.SceneFactory@11b3be50
14:07:12.625 [FXGL Background Thread 3 ] DEBUG Engine               - secondsIn24h: 60
14:07:12.625 [FXGL Background Thread 3 ] DEBUG Engine               - soundMenuBack: menu/back.wav
14:07:12.629 [FXGL Background Thread 3 ] DEBUG Engine               - soundMenuPress: menu/press.wav
14:07:12.632 [FXGL Background Thread 3 ] DEBUG Engine               - soundMenuSelect: menu/select.wav
14:07:12.632 [FXGL Background Thread 3 ] DEBUG Engine               - soundNotification: core/notification.wav
14:07:12.633 [FXGL Background Thread 3 ] DEBUG Engine               - stageStyle: DECORATED
14:07:12.634 [FXGL Background Thread 3 ] DEBUG Engine               - supportedLanguages: [ENGLISH, FRENCH, GERMAN, HUNGARIAN, RUSSIAN]
14:07:12.636 [FXGL Background Thread 3 ] DEBUG Engine               - title: Pong
14:07:12.636 [FXGL Background Thread 3 ] DEBUG Engine               - urlGithub: https://github.com/AlmasB/FXGL
14:07:12.637 [FXGL Background Thread 3 ] DEBUG Engine               - urlLeaderboard: http://fxgl-top.herokuapp.com/
14:07:12.638 [FXGL Background Thread 3 ] DEBUG Engine               - urlPOM: https://raw.githubusercontent.com/AlmasB/FXGL/master/pom.xml
14:07:12.640 [FXGL Background Thread 3 ] DEBUG Engine               - version: 1.0
14:07:12.641 [FXGL Background Thread 3 ] DEBUG Engine               - versionCheckDays: 7
14:07:12.644 [FXGL Background Thread 3 ] DEBUG Engine               - width: 800
14:07:12.645 [FXGL Background Thread 3 ] DEBUG Engine               - Logging services
14:07:12.646 [FXGL Background Thread 3 ] DEBUG Engine               - class com.almasb.fxgl.app.FXGLApplication$GameApplicationService
14:07:12.647 [FXGL Background Thread 3 ] DEBUG Engine               - class com.almasb.fxgl.app.services.FXGLDialogService
14:07:12.648 [FXGL Background Thread 3 ] DEBUG Engine               - class com.almasb.fxgl.app.services.IOTaskExecutorService
14:07:12.650 [FXGL Background Thread 3 ] DEBUG Engine               - class com.almasb.fxgl.event.EventBusService
14:07:12.652 [FXGL Background Thread 3 ] DEBUG Engine               - class com.almasb.fxgl.io.FileSystemService
14:07:12.653 [FXGL Background Thread 3 ] DEBUG Engine               - class com.almasb.fxgl.localization.LocalizationService
14:07:12.654 [FXGL Background Thread 3 ] DEBUG Engine               - class com.almasb.fxgl.app.services.FXGLAssetLoaderService
14:07:12.656 [FXGL Background Thread 3 ] DEBUG Engine               - class com.almasb.fxgl.app.services.SystemBundleService
14:07:12.661 [FXGL Background Thread 3 ] DEBUG Engine               - class com.almasb.fxgl.profile.SaveLoadService
14:07:12.662 [FXGL Background Thread 3 ] DEBUG Engine               - class com.almasb.fxgl.ui.FXGLUIFactoryServiceProvider
14:07:12.664 [FXGL Background Thread 3 ] DEBUG Engine               - class com.almasb.fxgl.ui.FXGLDialogFactoryServiceProvider
14:07:12.667 [FXGL Background Thread 3 ] DEBUG Engine               - class com.almasb.fxgl.audio.AudioPlayer
14:07:12.667 [FXGL Background Thread 3 ] DEBUG Engine               - class com.almasb.fxgl.notification.impl.NotificationServiceProvider
14:07:12.668 [FXGL Background Thread 3 ] DEBUG Engine               - class com.almasb.fxgl.achievement.AchievementService
14:07:12.670 [FXGL Background Thread 3 ] DEBUG Engine               - class com.almasb.fxgl.cutscene.CutsceneService
14:07:12.671 [FXGL Background Thread 3 ] DEBUG Engine               - class com.almasb.fxgl.minigames.MiniGameService
14:07:12.672 [FXGL Background Thread 3 ] DEBUG Engine               - class com.almasb.fxgl.net.NetService
14:07:12.676 [FXGL Background Thread 3 ] DEBUG Engine               - class com.almasb.fxgl.app.services.UpdaterService
14:07:12.679 [FXGL Background Thread 3 ] DEBUG Engine               - class com.almasb.fxgl.dev.DevService
14:09:00.330 [JavaFX Application Thread] DEBUG FXGLApplication      - Exiting FXGL
14:09:00.330 [JavaFX Application Thread] DEBUG LoopRunner           - Stopping loop
14:09:00.332 [JavaFX Application Thread] DEBUG SystemBundleService  - Saving FXGL system data
14:09:00.335 [JavaFX Application Thread] DEBUG FileSystemAccess     - Writing to: C:\Users\104bu\OneDrive - University of Brighton\sjeb10_modules\Year 3\CI628 - Multiplayer Game Development\CI628\ReleaseServer\bin\system\fxgl.bundle
14:09:00.340 [JavaFX Application Thread] DEBUG Async                - Shutting down background threads
14:09:00.341 [JavaFX Application Thread] DEBUG MainWindow           - Closing main window
14:09:00.366 [JavaFX Application Thread] DEBUG Logger               - Closing Logger
